<?xml version="1.0" encoding="UTF-8"?>
<!-- Generated by org.testng.reporters.JUnitReportReporter -->
<testsuite skipped="0" hostname="DESKTOP-NREJREF" name="TestNGLearning.TextBox" tests="1" failures="0" timestamp="2020-08-31T15:46:16 CDT" time="5.491" errors="0">
  <testcase name="Textbox" time="5.491" classname="TestNGLearning.TextBox"/>
  <system-out/>
</testsuite> <!-- TestNGLearning.TextBox -->
