<?xml version="1.0" encoding="UTF-8"?>
<!-- Generated by org.testng.reporters.JUnitReportReporter -->
<testsuite skipped="0" hostname="DESKTOP-NREJREF" name="TestNGLearning.SanRegSmoTest" tests="8" failures="0" timestamp="2020-08-23T19:36:00 CDT" time="15.023" errors="0">
  <testcase name="login" time="3.874" classname="TestNGLearning.SanRegSmoTest"/>
  <system-out/>
  <testcase name="login" time="4.516" classname="TestNGLearning.SanRegSmoTest"/>
  <system-out/>
  <testcase name="admin" time="1.206" classname="TestNGLearning.SanRegSmoTest"/>
  <system-out/>
  <testcase name="pim" time="1.036" classname="TestNGLearning.SanRegSmoTest"/>
  <system-out/>
  <testcase name="time" time="0.146" classname="TestNGLearning.SanRegSmoTest"/>
  <system-out/>
  <testcase name="myInfo" time="1.748" classname="TestNGLearning.SanRegSmoTest"/>
  <system-out/>
  <testcase name="dashBoard" time="1.060" classname="TestNGLearning.SanRegSmoTest"/>
  <system-out/>
  <testcase name="maintenance" time="1.437" classname="TestNGLearning.SanRegSmoTest"/>
  <system-out/>
</testsuite> <!-- TestNGLearning.SanRegSmoTest -->
