<?xml version="1.0" encoding="UTF-8"?>
<!-- Generated by org.testng.reporters.JUnitReportReporter -->
<testsuite skipped="0" hostname="DESKTOP-NREJREF" name="TestNGLearning.WebTables" tests="1" failures="0" timestamp="2020-08-27T21:44:06 CDT" time="5.371" errors="0">
  <testcase name="webTables" time="5.371" classname="TestNGLearning.WebTables"/>
  <system-out/>
</testsuite> <!-- TestNGLearning.WebTables -->
