<?xml version="1.0" encoding="UTF-8"?>
<!-- Generated by org.testng.reporters.JUnitReportReporter -->
<testsuite skipped="0" hostname="DESKTOP-NREJREF" name="TestNGLearning.TestNG1" tests="2" failures="0" timestamp="2020-08-24T20:47:17 CDT" time="7.723" errors="0">
  <testcase name="login" time="6.598" classname="TestNGLearning.TestNG1"/>
  <system-out/>
  <testcase name="logout" time="1.125" classname="TestNGLearning.TestNG1"/>
  <system-out/>
</testsuite> <!-- TestNGLearning.TestNG1 -->
