<?xml version="1.0" encoding="UTF-8"?>
<!-- Generated by org.testng.reporters.JUnitReportReporter -->
<testsuite skipped="0" hostname="DESKTOP-NREJREF" name="TestNGLearning.RadioButton" tests="1" failures="0" timestamp="2020-08-31T16:17:20 CDT" time="0.445" errors="0">
  <testcase name="Rbtn" time="0.445" classname="TestNGLearning.RadioButton"/>
  <system-out/>
</testsuite> <!-- TestNGLearning.RadioButton -->
