<?xml version="1.0" encoding="UTF-8"?>
<!-- Generated by org.testng.reporters.JUnitReportReporter -->
<testsuite skipped="0" hostname="DESKTOP-NREJREF" name="TestNGLearning.Test3" tests="1" failures="0" timestamp="2020-08-21T21:25:58 CDT" time="0.020" errors="0">
  <testcase name="OP" time="0.020" classname="TestNGLearning.Test3"/>
  <system-out/>
</testsuite> <!-- TestNGLearning.Test3 -->
