<?xml version="1.0" encoding="UTF-8"?>
<!-- Generated by org.testng.reporters.JUnitReportReporter -->
<testsuite skipped="0" hostname="DESKTOP-NREJREF" name="TestNGLearning.Button" tests="1" failures="0" timestamp="2020-08-31T16:58:37 CDT" time="30.294" errors="0">
  <testcase name="dblclk" time="30.294" classname="TestNGLearning.Button"/>
  <system-out/>
</testsuite> <!-- TestNGLearning.Button -->
