<?xml version="1.0" encoding="UTF-8"?>
<!-- Generated by org.testng.reporters.JUnitReportReporter -->
<testsuite skipped="0" hostname="DESKTOP-NREJREF" name="TestNGLearning.Alerts" tests="1" failures="0" timestamp="2020-08-31T14:16:40 CDT" time="19.502" errors="0">
  <testcase name="alert" time="19.502" classname="TestNGLearning.Alerts"/>
  <system-out/>
</testsuite> <!-- TestNGLearning.Alerts -->
